{"C:\\dev\\forte-pagamentos-js\\src\\forte-pagamentos.js": {"path":"C:\\dev\\forte-pagamentos-js\\src\\forte-pagamentos.js","statementMap":{"0":{"start":{"line":4,"column":0},"end":{"line":4,"column":16}},"1":{"start":{"line":6,"column":16},"end":{"line":6,"column":55}},"2":{"start":{"line":10,"column":2},"end":{"line":32,"column":3}},"3":{"start":{"line":11,"column":21},"end":{"line":11,"column":42}},"4":{"start":{"line":12,"column":25},"end":{"line":12,"column":50}},"5":{"start":{"line":14,"column":4},"end":{"line":14,"column":40}},"6":{"start":{"line":15,"column":4},"end":{"line":15,"column":48}},"7":{"start":{"line":17,"column":21},"end":{"line":24,"column":6}},"8":{"start":{"line":26,"column":4},"end":{"line":26,"column":48}},"9":{"start":{"line":28,"column":4},"end":{"line":28,"column":43}},"10":{"start":{"line":30,"column":4},"end":{"line":30,"column":64}},"11":{"start":{"line":31,"column":4},"end":{"line":31,"column":16}},"12":{"start":{"line":38,"column":2},"end":{"line":49,"column":3}},"13":{"start":{"line":39,"column":21},"end":{"line":43,"column":6}},"14":{"start":{"line":45,"column":4},"end":{"line":45,"column":25}},"15":{"start":{"line":47,"column":4},"end":{"line":47,"column":53}},"16":{"start":{"line":48,"column":4},"end":{"line":48,"column":16}},"17":{"start":{"line":53,"column":2},"end":{"line":65,"column":3}},"18":{"start":{"line":54,"column":21},"end":{"line":59,"column":6}},"19":{"start":{"line":61,"column":4},"end":{"line":61,"column":25}},"20":{"start":{"line":63,"column":4},"end":{"line":63,"column":55}},"21":{"start":{"line":64,"column":4},"end":{"line":64,"column":16}}},"fnMap":{"0":{"name":"authenticate","decl":{"start":{"line":9,"column":15},"end":{"line":9,"column":27}},"loc":{"start":{"line":9,"column":30},"end":{"line":33,"column":1}},"line":9},"1":{"name":"createTransaction","decl":{"start":{"line":37,"column":15},"end":{"line":37,"column":32}},"loc":{"start":{"line":37,"column":52},"end":{"line":50,"column":1}},"line":37},"2":{"name":"listTransactions","decl":{"start":{"line":52,"column":15},"end":{"line":52,"column":31}},"loc":{"start":{"line":52,"column":58},"end":{"line":66,"column":1}},"line":52}},"branchMap":{"0":{"loc":{"start":{"line":52,"column":45},"end":{"line":52,"column":56}},"type":"default-arg","locations":[{"start":{"line":52,"column":54},"end":{"line":52,"column":56}}],"line":52}},"s":{"0":1,"1":1,"2":2,"3":2,"4":2,"5":2,"6":2,"7":2,"8":0,"9":0,"10":2,"11":2,"12":0,"13":0,"14":0,"15":0,"16":0,"17":0,"18":0,"19":0,"20":0,"21":0},"f":{"0":2,"1":0,"2":0},"b":{"0":[0]},"_coverageSchema":"1a1c01bbd47fc00a2c39e90264f33305004495a9","hash":"f92b210b86888b2dc17a4e8d19625f12e499428e"}
}
