TN:
SF:src\forte-pagamentos.js
FN:9,authenticate
FN:36,makeAuthenticatedRequest
FN:53,createTransaction
FN:68,listTransactions
FNF:4
FNH:2
FNDA:2,authenticate
FNDA:0,makeAuthenticatedRequest
FNDA:0,createTransaction
FNDA:1,listTransactions
DA:4,1
DA:6,1
DA:10,2
DA:11,2
DA:12,2
DA:14,2
DA:15,2
DA:17,2
DA:26,2
DA:28,2
DA:30,0
DA:31,0
DA:37,0
DA:38,0
DA:41,0
DA:42,0
DA:54,0
DA:55,0
DA:61,0
DA:63,0
DA:64,0
DA:69,1
DA:70,1
DA:77,1
DA:79,0
DA:80,0
LF:26
LH:13
BRDA:37,0,0,0
BRDA:37,0,1,0
BRDA:68,1,0,0
BRF:3
BRH:0
end_of_record
